<?xml version="1.0" encoding="UTF-8"?>
<!-- Generated by org.testng.reporters.JUnitXMLReporter -->
<testsuite ignored="0" hostname="LAPTOP-JARN4I3E" failures="0" tests="7" name="Default test" time="67.207" errors="0" timestamp="2023-09-11T17:12:26 IST">
  <testcase classname="com.Simplilearn.TestingMedicareWebApplication.Testcases$testcase001" name="singup" time="14.881"/>
  <testcase classname="com.Simplilearn.TestingMedicareWebApplication.Testcases$testcase002" name="loginPage" time="6.767"/>
  <testcase classname="com.Simplilearn.TestingMedicareWebApplication.Testcases$testcase003" name="homePage" time="5.746"/>
  <testcase classname="com.Simplilearn.TestingMedicareWebApplication.Testcases$testcase004" name="contact" time="5.769"/>
  <testcase classname="com.Simplilearn.TestingMedicareWebApplication.Testcases$testcase005" name="descr" time="6.169"/>
  <testcase classname="com.Simplilearn.TestingMedicareWebApplication.Testcases$testcase006" name="productlist" time="9.173"/>
  <testcase classname="com.Simplilearn.TestingMedicareWebApplication.Testcases$testcase007" name="addtocart" time="18.634"/>
</testsuite> <!-- Default test -->
