<?xml version="1.0" encoding="UTF-8"?>
<!-- Generated by org.testng.reporters.JUnitXMLReporter -->
<testsuite ignored="0" hostname="LAPTOP-JARN4I3E" failures="0" tests="7" name="Test" time="74.214" errors="0" timestamp="2023-09-11T17:29:27 IST">
  <testcase classname="com.Simplilearn.TestingMedicareWebApplication.Testcases$testcase001" name="singup" time="13.371"/>
  <testcase classname="com.Simplilearn.TestingMedicareWebApplication.Testcases$testcase002" name="loginPage" time="7.577"/>
  <testcase classname="com.Simplilearn.TestingMedicareWebApplication.Testcases$testcase003" name="homePage" time="7.912"/>
  <testcase classname="com.Simplilearn.TestingMedicareWebApplication.Testcases$testcase004" name="contact" time="6.274"/>
  <testcase classname="com.Simplilearn.TestingMedicareWebApplication.Testcases$testcase005" name="descr" time="7.702"/>
  <testcase classname="com.Simplilearn.TestingMedicareWebApplication.Testcases$testcase006" name="productlist" time="11.588"/>
  <testcase classname="com.Simplilearn.TestingMedicareWebApplication.Testcases$testcase007" name="addtocart" time="19.72"/>
</testsuite> <!-- Test -->
